2026-03-03T15:01:31.245Z [[32minfo[39m]: ✅ MongoDB Connected: ac-aohxljt-shard-00-02.y8dlg07.mongodb.net
2026-03-03T15:01:31.253Z [[32minfo[39m]: 🚀 Server running on port 5000
2026-03-03T15:02:28.406Z [[31merror[39m]: Company validation failed: owner: Path `owner` is required.
2026-03-03T15:03:50.827Z [[32minfo[39m]: ✅ MongoDB Connected: ac-aohxljt-shard-00-01.y8dlg07.mongodb.net
2026-03-03T15:03:50.832Z [[32minfo[39m]: 🚀 Server running on port 5000
2026-03-03T15:04:55.260Z [[32minfo[39m]: ✅ MongoDB Connected: ac-aohxljt-shard-00-02.y8dlg07.mongodb.net
2026-03-03T15:04:55.266Z [[32minfo[39m]: 🚀 Server running on port 5000
2026-03-03T15:05:32.847Z [[31merror[39m]: Invalid API Key provided: sk_test_xxx
2026-03-03T15:05:45.624Z [[31merror[39m]: Invalid credentials
2026-03-03T15:06:03.717Z [[31merror[39m]: Invalid credentials
2026-03-03T15:07:10.863Z [[32minfo[39m]: ✅ MongoDB Connected: ac-aohxljt-shard-00-02.y8dlg07.mongodb.net
2026-03-03T15:07:10.868Z [[32minfo[39m]: 🚀 Server running on port 5000
2026-03-03T15:08:16.125Z [[31merror[39m]: Invalid email or password
2026-03-03T15:08:26.976Z [[31merror[39m]: Invalid email or password
2026-03-03T15:09:54.635Z [[31merror[39m]: Invalid email or password
2026-03-03T15:14:36.711Z [[31merror[39m]: Invalid login: 535-5.7.8 Username and Password not accepted. For more information, go to
535 5.7.8  https://support.google.com/mail/?p=BadCredentials 98e67ed59e1d1-3599bb8d224sm1774620a91.2 - gsmtp
2026-03-03T15:22:00.501Z [[31merror[39m]: This feature requires a pro or business plan
2026-03-03T15:22:00.925Z [[31merror[39m]: This feature requires a pro or business plan
2026-03-03T15:22:31.666Z [[31merror[39m]: Invalid API Key provided: sk_test_xxx
2026-03-03T15:23:23.116Z [[31merror[39m]: This feature requires a pro or business plan
2026-03-03T15:23:23.256Z [[31merror[39m]: This feature requires a pro or business plan
2026-03-03T15:27:34.937Z [[32minfo[39m]: ✅ MongoDB Connected: ac-aohxljt-shard-00-02.y8dlg07.mongodb.net
2026-03-03T15:27:34.948Z [[32minfo[39m]: 🚀 Server running on port 5000
2026-03-03T15:30:20.717Z [[32minfo[39m]: ✅ MongoDB Connected: ac-aohxljt-shard-00-02.y8dlg07.mongodb.net
2026-03-03T15:30:20.725Z [[32minfo[39m]: 🚀 Server running on port 5000
2026-03-03T15:42:25.989Z [[32minfo[39m]: ✅ MongoDB Connected: ac-aohxljt-shard-00-02.y8dlg07.mongodb.net
2026-03-03T15:42:25.998Z [[32minfo[39m]: 🚀 Server running on port 5000
2026-03-03T15:45:18.873Z [[32minfo[39m]: ✅ MongoDB Connected: ac-aohxljt-shard-00-02.y8dlg07.mongodb.net
2026-03-03T15:45:18.877Z [[32minfo[39m]: 🚀 Server running on port 5000
2026-03-03T15:46:45.714Z [[32minfo[39m]: ✅ MongoDB Connected: ac-aohxljt-shard-00-02.y8dlg07.mongodb.net
2026-03-03T15:46:45.728Z [[32minfo[39m]: 🚀 Server running on port 5000
2026-03-03T15:55:03.147Z [[32minfo[39m]: ✅ MongoDB Connected: ac-aohxljt-shard-00-01.y8dlg07.mongodb.net
2026-03-03T15:55:03.157Z [[32minfo[39m]: 🚀 Server running on port 5000
2026-03-03T15:55:26.510Z [[32minfo[39m]: 📧 Email sent to william@gmail.com — Invoice INV-0002 from vCan
2026-03-03T15:58:10.783Z [[32minfo[39m]: 📧 Email sent to saniyasaini88180tk@gmail.com — Invoice INV-0003 from vCan
2026-03-03T16:24:32.971Z [[32minfo[39m]: ✅ MongoDB Connected: ac-aohxljt-shard-00-02.y8dlg07.mongodb.net
2026-03-03T16:24:32.976Z [[32minfo[39m]: 🚀 Server running on port 5000
2026-03-03T16:29:57.849Z [[32minfo[39m]: ✅ MongoDB Connected: ac-aohxljt-shard-00-00.y8dlg07.mongodb.net
2026-03-03T16:29:57.854Z [[32minfo[39m]: 🚀 Server running on port 5000
2026-03-03T16:32:28.703Z [[32minfo[39m]: 📧 Email sent to harmansaini10000@gmail.com — Invoice INV-0005 from vCan
2026-03-03T16:33:39.334Z [[31merror[39m]: invalid signature
2026-03-03T16:33:39.737Z [[31merror[39m]: invalid signature
2026-03-04T13:56:03.873Z [[31merror[39m]: Could not connect to any servers in your MongoDB Atlas cluster. One common reason is that you're trying to access the database from an IP that isn't whitelisted. Make sure your current IP address is on your Atlas cluster's IP whitelist: https://www.mongodb.com/docs/atlas/security-whitelist/
2026-03-04T14:00:34.769Z [[32minfo[39m]: ✅ MongoDB Connected: ac-aohxljt-shard-00-00.y8dlg07.mongodb.net
2026-03-04T14:00:34.776Z [[32minfo[39m]: 🚀 Server running on port 5000
2026-03-04T16:49:38.046Z [[32minfo[39m]: ✅ MongoDB Connected: ac-aohxljt-shard-00-02.y8dlg07.mongodb.net
2026-03-04T16:49:38.055Z [[32minfo[39m]: 🚀 Server running on port 5000
2026-03-04T17:12:56.718Z [[32minfo[39m]: 📧 Email sent to harmansaini10000@gmail.com — Invoice INV-0007 from vCan
2026-03-04T17:19:00.128Z [[32minfo[39m]: ✅ MongoDB Connected: ac-aohxljt-shard-00-01.y8dlg07.mongodb.net
2026-03-04T17:19:00.141Z [[32minfo[39m]: 🚀 Server running on port 5000
2026-03-04T17:20:51.022Z [[32minfo[39m]: ✅ MongoDB Connected: ac-aohxljt-shard-00-02.y8dlg07.mongodb.net
2026-03-04T17:20:51.027Z [[32minfo[39m]: 🚀 Server running on port 5000
2026-03-04T17:21:35.738Z [[32minfo[39m]: 📧 Email sent to jerry@gmail.com — Invoice INV-0008 from vCan
2026-03-04T17:36:42.568Z [[32minfo[39m]: ✅ MongoDB Connected: ac-aohxljt-shard-00-02.y8dlg07.mongodb.net
2026-03-04T17:36:42.575Z [[32minfo[39m]: 🚀 Server running on port 5000
2026-03-04T17:36:53.860Z [[32minfo[39m]: 📧 Email sent to jerry@gmail.com — Invoice INV-0009 from vCan
2026-03-05T03:25:05.457Z [[32minfo[39m]: ✅ MongoDB Connected: ac-aohxljt-shard-00-00.y8dlg07.mongodb.net
2026-03-05T03:25:05.465Z [[32minfo[39m]: 🚀 Server running on port 5000
2026-03-05T03:25:46.046Z [[31merror[39m]: Invalid email or password
2026-03-05T03:34:03.649Z [[32minfo[39m]: ✅ MongoDB Connected: ac-aohxljt-shard-00-01.y8dlg07.mongodb.net
2026-03-05T03:34:03.673Z [[32minfo[39m]: 🚀 Server running on port 5000
2026-03-05T05:36:51.260Z [[32minfo[39m]: ✅ MongoDB Connected: ac-aohxljt-shard-00-02.y8dlg07.mongodb.net
2026-03-05T05:36:51.312Z [[32minfo[39m]: 🚀 Server running on port 5000
2026-03-05T09:16:24.925Z [[32minfo[39m]: ✅ MongoDB Connected: ac-aohxljt-shard-00-02.y8dlg07.mongodb.net
2026-03-05T09:16:24.933Z [[32minfo[39m]: 🚀 Server running on port 5000
2026-03-05T09:32:11.366Z [[32minfo[39m]: 📧 Email sent to preetmahak906@gmail.com — Invoice INV-0002 from mahak pvt ltd
2026-03-05T09:33:14.289Z [[32minfo[39m]: ✅ MongoDB Connected: ac-aohxljt-shard-00-02.y8dlg07.mongodb.net
2026-03-05T09:33:14.307Z [[32minfo[39m]: 🚀 Server running on port 5000
2026-03-05T14:02:24.504Z [[32minfo[39m]: ✅ MongoDB Connected: ac-aohxljt-shard-00-01.y8dlg07.mongodb.net
2026-03-05T14:02:24.520Z [[32minfo[39m]: 🚀 Server running on port 5000
2026-03-05T15:01:45.533Z [[32minfo[39m]: ✅ MongoDB Connected: ac-aohxljt-shard-00-02.y8dlg07.mongodb.net
2026-03-05T15:01:45.548Z [[32minfo[39m]: 🚀 Server running on port 5000
2026-03-05T15:01:51.577Z [[32minfo[39m]: ✅ MongoDB Connected: ac-aohxljt-shard-00-01.y8dlg07.mongodb.net
2026-03-05T15:01:51.588Z [[32minfo[39m]: 🚀 Server running on port 5000
2026-03-05T15:02:39.779Z [[31merror[39m]: The gmail.com domain is not verified. Please, add and verify your domain on https://resend.com/domains
2026-03-05T15:12:43.717Z [[32minfo[39m]: ✅ MongoDB Connected: ac-aohxljt-shard-00-01.y8dlg07.mongodb.net
2026-03-05T15:12:43.737Z [[32minfo[39m]: 🚀 Server running on port 5000
2026-03-05T15:12:52.924Z [[31merror[39m]: Unauthorized
2026-03-05T15:16:33.848Z [[32minfo[39m]: ✅ MongoDB Connected: ac-aohxljt-shard-00-00.y8dlg07.mongodb.net
2026-03-05T15:16:33.861Z [[32minfo[39m]: 🚀 Server running on port 5000
2026-03-05T15:16:41.685Z [[31merror[39m]: Forbidden
2026-03-05T15:16:56.629Z [[31merror[39m]: Forbidden
2026-03-05T15:17:45.644Z [[32minfo[39m]: ✅ MongoDB Connected: ac-aohxljt-shard-00-00.y8dlg07.mongodb.net
2026-03-05T15:17:45.656Z [[32minfo[39m]: 🚀 Server running on port 5000
2026-03-05T15:17:53.862Z [[32minfo[39m]: 📧 Email sent to jerry@gmail.com — Invoice INV-0012 from vCan
2026-03-05T15:21:07.546Z [[32minfo[39m]: ✅ MongoDB Connected: ac-aohxljt-shard-00-00.y8dlg07.mongodb.net
2026-03-05T15:21:07.576Z [[32minfo[39m]: 🚀 Server running on port 5000
2026-03-06T02:33:32.617Z [[32minfo[39m]: ✅ MongoDB Connected: ac-aohxljt-shard-00-00.y8dlg07.mongodb.net
2026-03-06T02:33:32.626Z [[32minfo[39m]: 🚀 Server running on port 5000
2026-03-06T02:43:12.939Z [[32minfo[39m]: ✅ MongoDB Connected: ac-aohxljt-shard-00-02.y8dlg07.mongodb.net
2026-03-06T02:43:12.953Z [[32minfo[39m]: 🚀 Server running on port 5000
2026-03-06T02:43:15.763Z [[32minfo[39m]: ✅ MongoDB Connected: ac-aohxljt-shard-00-02.y8dlg07.mongodb.net
2026-03-06T02:43:15.770Z [[32minfo[39m]: 🚀 Server running on port 5000
2026-03-06T02:45:06.612Z [[32minfo[39m]: ✅ MongoDB Connected: ac-aohxljt-shard-00-00.y8dlg07.mongodb.net
2026-03-06T02:45:06.617Z [[32minfo[39m]: 🚀 Server running on port 5000
2026-03-06T02:47:19.569Z [[32minfo[39m]: ✅ MongoDB Connected: ac-aohxljt-shard-00-01.y8dlg07.mongodb.net
2026-03-06T02:47:19.574Z [[32minfo[39m]: 🚀 Server running on port 5000
2026-03-06T02:58:44.918Z [[32minfo[39m]: ✅ MongoDB Connected: ac-aohxljt-shard-00-00.y8dlg07.mongodb.net
2026-03-06T02:58:44.924Z [[32minfo[39m]: 🚀 Server running on port 5000
2026-03-06T03:00:38.080Z [[32minfo[39m]: 📧 Email sent to saniyasaini88180tk@gmail.com — Invoice INV-0013 from vCan
2026-03-06T03:58:07.303Z [[32minfo[39m]: ✅ MongoDB Connected: ac-aohxljt-shard-00-01.y8dlg07.mongodb.net
2026-03-06T03:58:07.315Z [[32minfo[39m]: 🚀 Server running on port 5000
2026-03-06T04:01:26.716Z [[32minfo[39m]: ✅ MongoDB Connected: ac-aohxljt-shard-00-01.y8dlg07.mongodb.net
2026-03-06T04:01:26.724Z [[32minfo[39m]: 🚀 Server running on port 5000
2026-03-06T04:28:02.229Z [[32minfo[39m]: ✅ MongoDB Connected: ac-aohxljt-shard-00-00.y8dlg07.mongodb.net
2026-03-06T04:28:02.240Z [[32minfo[39m]: 🚀 Server running on port 5000
2026-03-06T04:28:30.996Z [[32minfo[39m]: ✅ MongoDB Connected: ac-aohxljt-shard-00-01.y8dlg07.mongodb.net
2026-03-06T04:28:31.003Z [[32minfo[39m]: 🚀 Server running on port 5000
2026-03-06T04:30:11.015Z [[32minfo[39m]: ✅ MongoDB Connected: ac-aohxljt-shard-00-02.y8dlg07.mongodb.net
2026-03-06T04:30:11.023Z [[32minfo[39m]: 🚀 Server running on port 5000
2026-03-06T04:30:23.397Z [[32minfo[39m]: ✅ MongoDB Connected: ac-aohxljt-shard-00-02.y8dlg07.mongodb.net
2026-03-06T04:30:23.404Z [[32minfo[39m]: 🚀 Server running on port 5000
2026-03-06T04:37:06.889Z [[32minfo[39m]: ✅ MongoDB Connected: ac-aohxljt-shard-00-02.y8dlg07.mongodb.net
2026-03-06T04:37:06.898Z [[32minfo[39m]: 🚀 Server running on port 5000
2026-03-06T04:44:26.242Z [[32minfo[39m]: ✅ MongoDB Connected: ac-aohxljt-shard-00-00.y8dlg07.mongodb.net
2026-03-06T04:44:26.250Z [[32minfo[39m]: 🚀 Server running on port 5000
2026-03-06T07:49:35.122Z [[32minfo[39m]: ✅ MongoDB Connected: ac-aohxljt-shard-00-02.y8dlg07.mongodb.net
2026-03-06T07:49:35.195Z [[32minfo[39m]: 🚀 Server running on port 5000
2026-03-06T08:09:27.778Z [[31merror[39m]: Invalid email or password
2026-03-06T08:09:33.975Z [[31merror[39m]: Invalid email or password
2026-03-06T08:15:15.150Z [[32minfo[39m]: ✅ MongoDB Connected: ac-aohxljt-shard-00-00.y8dlg07.mongodb.net
2026-03-06T08:15:15.170Z [[32minfo[39m]: 🚀 Server running on port 5000
2026-03-06T08:31:46.089Z [[32minfo[39m]: ✅ MongoDB Connected: ac-aohxljt-shard-00-02.y8dlg07.mongodb.net
2026-03-06T08:31:46.113Z [[32minfo[39m]: 🚀 Server running on port 5000
2026-03-06T08:31:49.207Z [[32minfo[39m]: ✅ MongoDB Connected: ac-aohxljt-shard-00-00.y8dlg07.mongodb.net
2026-03-06T08:31:49.229Z [[32minfo[39m]: 🚀 Server running on port 5000
2026-03-06T08:32:06.160Z [[32minfo[39m]: ✅ MongoDB Connected: ac-aohxljt-shard-00-01.y8dlg07.mongodb.net
2026-03-06T08:32:06.210Z [[32minfo[39m]: 🚀 Server running on port 5000
2026-03-06T08:32:11.464Z [[32minfo[39m]: ✅ MongoDB Connected: ac-aohxljt-shard-00-02.y8dlg07.mongodb.net
2026-03-06T08:32:11.485Z [[32minfo[39m]: 🚀 Server running on port 5000
2026-03-06T08:32:37.542Z [[32minfo[39m]: ✅ MongoDB Connected: ac-aohxljt-shard-00-00.y8dlg07.mongodb.net
2026-03-06T08:32:37.606Z [[32minfo[39m]: 🚀 Server running on port 5000
2026-03-06T08:32:44.233Z [[32minfo[39m]: ✅ MongoDB Connected: ac-aohxljt-shard-00-00.y8dlg07.mongodb.net
2026-03-06T08:32:44.283Z [[32minfo[39m]: 🚀 Server running on port 5000
2026-03-06T08:33:10.479Z [[32minfo[39m]: ✅ MongoDB Connected: ac-aohxljt-shard-00-00.y8dlg07.mongodb.net
2026-03-06T08:33:10.542Z [[32minfo[39m]: 🚀 Server running on port 5000
2026-03-06T08:34:34.928Z [[32minfo[39m]: ✅ MongoDB Connected: ac-aohxljt-shard-00-01.y8dlg07.mongodb.net
2026-03-06T08:34:34.948Z [[32minfo[39m]: 🚀 Server running on port 5000
2026-03-06T08:35:05.015Z [[32minfo[39m]: ✅ MongoDB Connected: ac-aohxljt-shard-00-00.y8dlg07.mongodb.net
2026-03-06T08:35:05.055Z [[32minfo[39m]: 🚀 Server running on port 5000
2026-03-06T08:37:40.159Z [[32minfo[39m]: ✅ MongoDB Connected: ac-aohxljt-shard-00-00.y8dlg07.mongodb.net
2026-03-06T08:37:40.284Z [[32minfo[39m]: 🚀 Server running on port 5000
2026-03-06T08:38:57.123Z [[32minfo[39m]: ✅ MongoDB Connected: ac-aohxljt-shard-00-01.y8dlg07.mongodb.net
2026-03-06T08:38:57.164Z [[32minfo[39m]: 🚀 Server running on port 5000
2026-03-06T08:46:04.929Z [[32minfo[39m]: ✅ MongoDB Connected: ac-aohxljt-shard-00-00.y8dlg07.mongodb.net
2026-03-06T08:46:04.979Z [[32minfo[39m]: 🚀 Server running on port 5000
2026-03-06T08:47:02.250Z [[32minfo[39m]: ✅ MongoDB Connected: ac-aohxljt-shard-00-02.y8dlg07.mongodb.net
2026-03-06T08:47:02.298Z [[32minfo[39m]: 🚀 Server running on port 5000
2026-03-06T08:49:52.636Z [[32minfo[39m]: ✅ MongoDB Connected: ac-aohxljt-shard-00-00.y8dlg07.mongodb.net
2026-03-06T08:49:52.671Z [[32minfo[39m]: 🚀 Server running on port 5000
2026-03-06T08:50:57.253Z [[32minfo[39m]: ✅ MongoDB Connected: ac-aohxljt-shard-00-02.y8dlg07.mongodb.net
2026-03-06T08:50:57.306Z [[32minfo[39m]: 🚀 Server running on port 5000
2026-03-06T10:23:43.340Z [[32minfo[39m]: ✅ MongoDB Connected: ac-aohxljt-shard-00-00.y8dlg07.mongodb.net
2026-03-06T10:23:43.351Z [[32minfo[39m]: 🚀 Server running on port 5000
2026-03-07T06:48:58.319Z [[32minfo[39m]: ✅ MongoDB Connected: ac-aohxljt-shard-00-00.y8dlg07.mongodb.net
2026-03-07T06:48:58.327Z [[32minfo[39m]: 🚀 Server running on port 5000
2026-03-07T12:57:15.353Z [[32minfo[39m]: ✅ MongoDB Connected: ac-aohxljt-shard-00-00.y8dlg07.mongodb.net
2026-03-07T12:57:15.372Z [[32minfo[39m]: 🚀 Server running on port 5000
2026-03-07T13:06:49.814Z [[31merror[39m]: Invoice ID required
2026-03-07T13:06:49.824Z [[31merror[39m]: Invoice ID required
2026-03-07T13:07:30.585Z [[31merror[39m]: Invoice ID required
2026-03-07T13:07:30.593Z [[31merror[39m]: Invoice ID required
2026-03-07T13:08:59.901Z [[31merror[39m]: Cast to ObjectId failed for value "{
  invoiceNumber: 'VCAN-0015',
  status: 'draft',
  issueDate: '2026-03-07T00:00:00.000Z',
  dueDate: '2026-03-07T00:00:00.000Z',
  currency: 'USD',
  lineItems: [
    {
      description: 'clothes ',
      quantity: 1,
      rate: 4000,
      discount: 0,
      taxRate: 0,
      amount: 4000,
      _id: '69ac22afe72c92f71a247d9f'
    },
    {
      description: 'fruit',
      quantity: 1,
      rate: 430,
      discount: 0,
      taxRate: 0,
      amount: 430,
      _id: '69ac22afe72c92f71a247da0'
    }
  ],
  subtotal: 4430,
  taxRate: 12,
  taxAmount: 478.44,
  discountAmount: 443,
  shippingCharge: 10,
  total: 4465.441,
  balanceDue: 4465.441,
  notes: 'thanks',
  terms: 'online',
  customer: {
    _id: '69a7049b36b5611fe2258e28',
    name: 'saniya saini',
    email: 'saniyasaini88180tk@gmail.com',
    phone: '8818012383'
  },
  company: {
    _id: '69a6f9fc9686a7d4b92db56a',
    name: 'vCan manage',
    email: 'johndoe92@example.com',
    phone: '8958654756'
  },
  publicToken: '9420ca29-6165-43dc-8369-6764a2913835'
}" (type Object) at path "_id" for model "Invoice"
2026-03-07T13:08:59.904Z [[31merror[39m]: Cast to ObjectId failed for value "{
  invoiceNumber: 'VCAN-0015',
  status: 'draft',
  issueDate: '2026-03-07T00:00:00.000Z',
  dueDate: '2026-03-07T00:00:00.000Z',
  currency: 'USD',
  lineItems: [
    {
      description: 'clothes ',
      quantity: 1,
      rate: 4000,
      discount: 0,
      taxRate: 0,
      amount: 4000,
      _id: '69ac22afe72c92f71a247d9f'
    },
    {
      description: 'fruit',
      quantity: 1,
      rate: 430,
      discount: 0,
      taxRate: 0,
      amount: 430,
      _id: '69ac22afe72c92f71a247da0'
    }
  ],
  subtotal: 4430,
  taxRate: 12,
  taxAmount: 478.44,
  discountAmount: 443,
  shippingCharge: 10,
  total: 4465.441,
  balanceDue: 4465.441,
  notes: 'thanks',
  terms: 'online',
  customer: {
    _id: '69a7049b36b5611fe2258e28',
    name: 'saniya saini',
    email: 'saniyasaini88180tk@gmail.com',
    phone: '8818012383'
  },
  company: {
    _id: '69a6f9fc9686a7d4b92db56a',
    name: 'vCan manage',
    email: 'johndoe92@example.com',
    phone: '8958654756'
  },
  publicToken: '9420ca29-6165-43dc-8369-6764a2913835'
}" (type Object) at path "_id" for model "Invoice"
2026-03-07T13:10:48.901Z [[31merror[39m]: Cast to ObjectId failed for value "{
  invoiceNumber: 'VCAN-0015',
  status: 'draft',
  issueDate: '2026-03-07T00:00:00.000Z',
  dueDate: '2026-03-07T00:00:00.000Z',
  currency: 'USD',
  lineItems: [
    {
      description: 'clothes ',
      quantity: 1,
      rate: 4000,
      discount: 0,
      taxRate: 0,
      amount: 4000,
      _id: '69ac22afe72c92f71a247d9f'
    },
    {
      description: 'fruit',
      quantity: 1,
      rate: 430,
      discount: 0,
      taxRate: 0,
      amount: 430,
      _id: '69ac22afe72c92f71a247da0'
    }
  ],
  subtotal: 4430,
  taxRate: 12,
  taxAmount: 478.44,
  discountAmount: 443,
  shippingCharge: 10,
  total: 4465.441,
  balanceDue: 4465.441,
  notes: 'thanks',
  terms: 'online',
  customer: {
    _id: '69a7049b36b5611fe2258e28',
    name: 'saniya saini',
    email: 'saniyasaini88180tk@gmail.com',
    phone: '8818012383'
  },
  company: {
    _id: '69a6f9fc9686a7d4b92db56a',
    name: 'vCan manage',
    email: 'johndoe92@example.com',
    phone: '8958654756'
  },
  publicToken: '9420ca29-6165-43dc-8369-6764a2913835'
}" (type Object) at path "_id" for model "Invoice"
2026-03-07T13:10:49.037Z [[31merror[39m]: Cast to ObjectId failed for value "{
  invoiceNumber: 'VCAN-0015',
  status: 'draft',
  issueDate: '2026-03-07T00:00:00.000Z',
  dueDate: '2026-03-07T00:00:00.000Z',
  currency: 'USD',
  lineItems: [
    {
      description: 'clothes ',
      quantity: 1,
      rate: 4000,
      discount: 0,
      taxRate: 0,
      amount: 4000,
      _id: '69ac22afe72c92f71a247d9f'
    },
    {
      description: 'fruit',
      quantity: 1,
      rate: 430,
      discount: 0,
      taxRate: 0,
      amount: 430,
      _id: '69ac22afe72c92f71a247da0'
    }
  ],
  subtotal: 4430,
  taxRate: 12,
  taxAmount: 478.44,
  discountAmount: 443,
  shippingCharge: 10,
  total: 4465.441,
  balanceDue: 4465.441,
  notes: 'thanks',
  terms: 'online',
  customer: {
    _id: '69a7049b36b5611fe2258e28',
    name: 'saniya saini',
    email: 'saniyasaini88180tk@gmail.com',
    phone: '8818012383'
  },
  company: {
    _id: '69a6f9fc9686a7d4b92db56a',
    name: 'vCan manage',
    email: 'johndoe92@example.com',
    phone: '8958654756'
  },
  publicToken: '9420ca29-6165-43dc-8369-6764a2913835'
}" (type Object) at path "_id" for model "Invoice"
2026-03-07T13:12:45.185Z [[32minfo[39m]: ✅ MongoDB Connected: ac-aohxljt-shard-00-02.y8dlg07.mongodb.net
2026-03-07T13:12:45.214Z [[32minfo[39m]: 🚀 Server running on port 5000
2026-03-07T13:13:05.995Z [[32minfo[39m]: ✅ MongoDB Connected: ac-aohxljt-shard-00-02.y8dlg07.mongodb.net
2026-03-07T13:13:06.005Z [[32minfo[39m]: 🚀 Server running on port 5000
2026-03-07T13:31:39.556Z [[31merror[39m]: getaddrinfo ENOTFOUND ac-aohxljt-shard-00-02.y8dlg07.mongodb.net
2026-03-07T13:31:39.569Z [[31merror[39m]: getaddrinfo ENOTFOUND ac-aohxljt-shard-00-02.y8dlg07.mongodb.net
2026-03-07T13:43:34.048Z [[32minfo[39m]: ✅ MongoDB Connected: ac-aohxljt-shard-00-00.y8dlg07.mongodb.net
2026-03-07T13:43:34.062Z [[32minfo[39m]: 🚀 Server running on port 5000
2026-03-07T13:43:41.799Z [[32minfo[39m]: ✅ MongoDB Connected: ac-aohxljt-shard-00-01.y8dlg07.mongodb.net
2026-03-07T13:43:41.807Z [[32minfo[39m]: 🚀 Server running on port 5000
2026-03-07T13:51:32.697Z [[32minfo[39m]: ✅ MongoDB Connected: ac-aohxljt-shard-00-02.y8dlg07.mongodb.net
2026-03-07T13:51:32.732Z [[32minfo[39m]: 🚀 Server running on port 5000
2026-03-07T14:29:42.474Z [[32minfo[39m]: ✅ MongoDB Connected: ac-aohxljt-shard-00-02.y8dlg07.mongodb.net
2026-03-07T14:29:42.510Z [[32minfo[39m]: 🚀 Server running on port 5000
2026-03-07T14:30:44.115Z [[31merror[39m]: Route /api/v1/notifications/stream?token=eyJhbGciOiJIUzI1NiIsInR5cCI6IkpXVCJ9.eyJpZCI6IjY5YTZmOWZiOTY4NmE3ZDRiOTJkYjU2OCIsImlhdCI6MTc3Mjg5MTQ5NywiZXhwIjoxNzczNDk2Mjk3fQ.Rff2C_h8sIbqNJ0paZJK-_CIveKK2__gA3GhgUuBSvY not found
2026-03-07T14:31:40.836Z [[32minfo[39m]: ✅ MongoDB Connected: ac-aohxljt-shard-00-01.y8dlg07.mongodb.net
2026-03-07T14:31:40.954Z [[32minfo[39m]: 🚀 Server running on port 5000
2026-03-07T14:31:44.895Z [[31merror[39m]: Not authorized, no token
2026-03-07T14:31:59.123Z [[32minfo[39m]: ✅ MongoDB Connected: ac-aohxljt-shard-00-00.y8dlg07.mongodb.net
2026-03-07T14:31:59.131Z [[32minfo[39m]: 🚀 Server running on port 5000
2026-03-07T14:32:38.192Z [[32minfo[39m]: ✅ MongoDB Connected: ac-aohxljt-shard-00-00.y8dlg07.mongodb.net
2026-03-07T14:32:38.200Z [[32minfo[39m]: 🚀 Server running on port 5000
2026-03-07T14:33:22.371Z [[31merror[39m]: Not authorized, no token
2026-03-07T14:33:22.378Z [[31merror[39m]: Not authorized, no token
2026-03-07T14:33:22.386Z [[31merror[39m]: Not authorized, no token
2026-03-07T14:33:22.391Z [[31merror[39m]: Not authorized, no token
2026-03-07T14:33:22.396Z [[31merror[39m]: Not authorized, no token
2026-03-07T14:33:22.435Z [[31merror[39m]: Not authorized, no token
2026-03-07T14:33:22.443Z [[31merror[39m]: Not authorized, no token
2026-03-07T14:33:22.450Z [[31merror[39m]: Not authorized, no token
2026-03-07T14:33:22.461Z [[31merror[39m]: Not authorized, no token
2026-03-07T14:33:34.941Z [[32minfo[39m]: ✅ MongoDB Connected: ac-aohxljt-shard-00-01.y8dlg07.mongodb.net
2026-03-07T14:33:34.956Z [[32minfo[39m]: 🚀 Server running on port 5000
2026-03-07T14:33:47.756Z [[31merror[39m]: Not authorized, no token
2026-03-07T14:33:47.765Z [[31merror[39m]: Not authorized, no token
2026-03-07T14:33:47.771Z [[31merror[39m]: Not authorized, no token
2026-03-07T14:33:47.777Z [[31merror[39m]: Not authorized, no token
2026-03-07T14:33:47.785Z [[31merror[39m]: Not authorized, no token
2026-03-07T14:33:47.806Z [[31merror[39m]: Not authorized, no token
2026-03-07T14:33:47.813Z [[31merror[39m]: Not authorized, no token
2026-03-07T14:33:47.819Z [[31merror[39m]: Not authorized, no token
2026-03-07T14:33:47.835Z [[31merror[39m]: Not authorized, no token
2026-03-07T14:35:38.642Z [[32minfo[39m]: ✅ MongoDB Connected: ac-aohxljt-shard-00-02.y8dlg07.mongodb.net
2026-03-07T14:35:38.706Z [[32minfo[39m]: 🚀 Server running on port 5000
2026-03-07T14:36:53.906Z [[32minfo[39m]: ✅ MongoDB Connected: ac-aohxljt-shard-00-01.y8dlg07.mongodb.net
2026-03-07T14:36:53.917Z [[32minfo[39m]: 🚀 Server running on port 5000
2026-03-07T14:48:29.199Z [[32minfo[39m]: ✅ MongoDB Connected: ac-aohxljt-shard-00-02.y8dlg07.mongodb.net
2026-03-07T14:48:29.240Z [[32minfo[39m]: 🚀 Server running on port 5000
2026-03-07T14:48:36.788Z [[32minfo[39m]: ✅ MongoDB Connected: ac-aohxljt-shard-00-02.y8dlg07.mongodb.net
2026-03-07T14:48:36.807Z [[32minfo[39m]: 🚀 Server running on port 5000
2026-03-07T14:49:12.845Z [[32minfo[39m]: ✅ MongoDB Connected: ac-aohxljt-shard-00-00.y8dlg07.mongodb.net
2026-03-07T14:49:12.851Z [[32minfo[39m]: 🚀 Server running on port 5000
2026-03-07T14:49:31.247Z [[32minfo[39m]: ✅ MongoDB Connected: ac-aohxljt-shard-00-01.y8dlg07.mongodb.net
2026-03-07T14:49:31.260Z [[32minfo[39m]: 🚀 Server running on port 5000
2026-03-07T15:03:32.042Z [[32minfo[39m]: ✅ MongoDB Connected: ac-aohxljt-shard-00-02.y8dlg07.mongodb.net
2026-03-07T15:03:32.062Z [[32minfo[39m]: 🚀 Server running on port 5000
2026-03-07T15:08:58.079Z [[31merror[39m]: No matching document found for id "69aa96d808cb481c1912c41f" version 0 modifiedPaths "stripePaymentIntentId"
2026-03-07T15:09:23.667Z [[31merror[39m]: No balance due
2026-03-07T15:09:23.695Z [[31merror[39m]: No balance due
2026-03-07T15:09:39.688Z [[31merror[39m]: No balance due
2026-03-07T15:09:39.694Z [[31merror[39m]: No balance due
2026-03-07T15:13:27.904Z [[32minfo[39m]: ✅ MongoDB Connected: ac-aohxljt-shard-00-02.y8dlg07.mongodb.net
2026-03-07T15:13:27.920Z [[32minfo[39m]: 🚀 Server running on port 5000
2026-03-11T10:28:50.821Z [[31merror[39m]: querySrv ECONNREFUSED _mongodb._tcp.invoiceflow.y8dlg07.mongodb.net
2026-03-11T10:29:54.379Z [[32minfo[39m]: ✅ MongoDB Connected: ac-aohxljt-shard-00-01.y8dlg07.mongodb.net
2026-03-11T10:29:54.386Z [[32minfo[39m]: 🚀 Server running on port 5000
2026-03-11T10:46:20.867Z [[32minfo[39m]: ✅ MongoDB Connected: ac-aohxljt-shard-00-02.y8dlg07.mongodb.net
2026-03-11T10:46:20.882Z [[32minfo[39m]: 🚀 Server running on port 5000
